<?xml version="1.0" encoding="UTF-8"?>
<!-- Generated by org.testng.reporters.JUnitReportReporter -->
<testsuite skipped="0" hostname="DESKTOP-ROP5VO1" name="tests.XMLSchemaValidation" tests="1" failures="0" timestamp="2021-02-08T23:16:05 IST" time="12.039" errors="0">
  <testcase name="schemValidation" time="12.039" classname="tests.XMLSchemaValidation"/>
  <system-out/>
</testsuite> <!-- tests.XMLSchemaValidation -->
