<?xml version="1.0" encoding="UTF-8"?>
<!-- Generated by org.testng.reporters.JUnitReportReporter -->
<testsuite skipped="0" hostname="DESKTOP-ROP5VO1" name="tests.GetAndPostExamples" tests="1" failures="0" timestamp="2021-02-06T00:06:05 IST" time="6.664" errors="0">
  <testcase name="testPost" time="6.664" classname="tests.GetAndPostExamples"/>
  <system-out/>
</testsuite> <!-- tests.GetAndPostExamples -->
