<?xml version="1.0" encoding="UTF-8"?>
<!-- Generated by org.testng.reporters.JUnitReportReporter -->
<testsuite skipped="0" hostname="DESKTOP-ROP5VO1" name="tests.PutPatchDeleteExamples" tests="3" failures="0" timestamp="2021-02-06T00:24:24 IST" time="7.394" errors="0">
  <testcase name="testDelete" time="4.299" classname="tests.PutPatchDeleteExamples"/>
  <system-out/>
  <testcase name="testPatch" time="1.323" classname="tests.PutPatchDeleteExamples"/>
  <system-out/>
  <testcase name="testPut" time="1.772" classname="tests.PutPatchDeleteExamples"/>
  <system-out/>
</testsuite> <!-- tests.PutPatchDeleteExamples -->
