<?xml version="1.0" encoding="UTF-8"?>
<!-- Generated by org.testng.reporters.JUnitReportReporter -->
<testsuite skipped="0" hostname="DESKTOP-ROP5VO1" name="tests.TestsOnLocalAPI" tests="2" failures="0" timestamp="2021-02-06T01:28:36 IST" time="3.172" errors="0">
  <testcase name="get" time="0.159" classname="tests.TestsOnLocalAPI"/>
  <system-out/>
  <testcase name="delete" time="3.013" classname="tests.TestsOnLocalAPI"/>
  <system-out/>
</testsuite> <!-- tests.TestsOnLocalAPI -->
