<?xml version="1.0" encoding="UTF-8"?>
<!-- Generated by org.testng.reporters.JUnitReportReporter -->
<testsuite skipped="0" hostname="DESKTOP-ROP5VO1" name="tests.TestsExamples" tests="2" failures="0" timestamp="2021-02-05T23:07:02 IST" time="6.338" errors="0">
  <testcase name="test_2" time="2.285" classname="tests.TestsExamples"/>
  <system-out/>
  <testcase name="test_1" time="4.053" classname="tests.TestsExamples"/>
  <system-out/>
</testsuite> <!-- tests.TestsExamples -->
