<?xml version="1.0" encoding="UTF-8"?>
<!-- Generated by org.testng.reporters.JUnitReportReporter -->
<testsuite skipped="0" hostname="DESKTOP-ROP5VO1" name="tests.SoapXMLRequest" tests="1" failures="0" timestamp="2021-02-08T00:13:41 IST" time="6.782" errors="0">
  <testcase name="validateSoapXML" time="6.782" classname="tests.SoapXMLRequest"/>
  <system-out/>
</testsuite> <!-- tests.SoapXMLRequest -->
